#
# There is insufficient memory for the Java Runtime Environment to continue.
# Native memory allocation (malloc) failed to allocate 32784 bytes for Chunk::new
# Possible reasons:
#   The system is out of physical RAM or swap space
#   The process is running with CompressedOops enabled, and the Java Heap may be blocking the growth of the native heap
# Possible solutions:
#   Reduce memory load on the system
#   Increase physical memory or swap space
#   Check if swap backing store is full
#   Decrease Java heap size (-Xmx/-Xms)
#   Decrease number of Java threads
#   Decrease Java thread stack sizes (-Xss)
#   Set larger code cache with -XX:ReservedCodeCacheSize=
#   JVM is running with Unscaled Compressed Oops mode in which the Java heap is
#     placed in the first 4GB address space. The Java Heap base address is the
#     maximum limit for the native heap growth. Please use -XX:HeapBaseMinAddress
#     to set the Java Heap base and to place the Java Heap above 4GB virtual address.
# This output file may be truncated or incomplete.
#
#  Out of Memory Error (arena.cpp:191), pid=1108, tid=9528
#
# JRE version: OpenJDK Runtime Environment Temurin-17.0.10+7 (17.0.10+7) (build 17.0.10+7)
# Java VM: OpenJDK 64-Bit Server VM Temurin-17.0.10+7 (17.0.10+7, mixed mode, tiered, compressed oops, compressed class ptrs, parallel gc, windows-amd64)
# No core dump will be written. Minidumps are not enabled by default on client versions of Windows
#

---------------  S U M M A R Y ------------

Command Line: --add-modules=ALL-SYSTEM --add-opens=java.base/java.util=ALL-UNNAMED --add-opens=java.base/java.lang=ALL-UNNAMED --add-opens=java.base/sun.nio.fs=ALL-UNNAMED -Declipse.application=org.eclipse.jdt.ls.core.id1 -Dosgi.bundles.defaultStartLevel=4 -Declipse.product=org.eclipse.jdt.ls.core.product -Djava.import.generatesMetadataFilesAtProjectRoot=false -DDetectVMInstallationsJob.disabled=true -Dfile.encoding=utf8 -XX:+UseParallelGC -XX:GCTimeRatio=4 -XX:AdaptiveSizePolicyWeight=90 -Dsun.zip.disableMemoryMapping=true -Xmx1G -Xms100m -Xlog:disable -javaagent:c:\Users\adity\.vscode\extensions\redhat.java-1.28.1-win32-x64\lombok\lombok-1.18.31.jar c:\Users\adity\.vscode\extensions\redhat.java-1.28.1-win32-x64\server\plugins\org.eclipse.equinox.launcher_1.6.700.v20231214-2017.jar -configuration c:\Users\adity\AppData\Roaming\Code\User\globalStorage\redhat.java\1.28.1\config_ss_win -data c:\Users\adity\AppData\Roaming\Code\User\workspaceStorage\33e0f60cfd2a3a37df75b798ced35c0f\redhat.java\ss_ws --stdio

Host: AMD Ryzen 5 5500U with Radeon Graphics         , 12 cores, 3G,  Windows 11 , 64 bit Build 22621 (10.0.22621.3085)
Time: Mon Mar  4 00:21:23 2024 India Standard Time elapsed time: 2.642434 seconds (0d 0h 0m 2s)

---------------  T H R E A D  ---------------

Current thread (0x000001847efaf2f0):  JavaThread "C2 CompilerThread0" daemon [_thread_in_native, id=9528, stack(0x0000006370400000,0x0000006370500000)]


Current CompileTask:
C2:   2642  590       4       lombok.patcher.scripts.MethodLevelPatchScript::patch (21 bytes)

Stack: [0x0000006370400000,0x0000006370500000]
Native frames: (J=compiled Java code, j=interpreted, Vv=VM code, C=native code)
V  [jvm.dll+0x67d2c9]
V  [jvm.dll+0x834afa]
V  [jvm.dll+0x8365be]
V  [jvm.dll+0x836c23]
V  [jvm.dll+0x2477ff]
V  [jvm.dll+0xac514]
V  [jvm.dll+0xacb5c]
V  [jvm.dll+0xac61b]
V  [jvm.dll+0x65ab1c]
V  [jvm.dll+0x2211b9]
V  [jvm.dll+0x6a0561]
V  [jvm.dll+0x219039]
V  [jvm.dll+0x1a502d]
V  [jvm.dll+0x2290de]
V  [jvm.dll+0x2272ac]
V  [jvm.dll+0x7e9bb7]
V  [jvm.dll+0x7e3fba]
V  [jvm.dll+0x67c1b5]
C  [ucrtbase.dll+0x29363]
C  [KERNEL32.DLL+0x1257d]
C  [ntdll.dll+0x5aa58]


---------------  P R O C E S S  ---------------

Threads class SMR info:
_java_thread_list=0x000001847f29fe20, length=12, elements={
0x0000018474fe1110, 0x0000018479e67020, 0x0000018479e68090, 0x0000018475089f70,
0x000001847508a940, 0x000001847508bc50, 0x000001847508e610, 0x000001847efaf2f0,
0x000001847efb03a0, 0x000001847efb5c50, 0x0000018475044520, 0x000001847f291e00
}

Java Threads: ( => current thread )
  0x0000018474fe1110 JavaThread "main" [_thread_in_Java, id=13688, stack(0x000000636fb00000,0x000000636fc00000)]
  0x0000018479e67020 JavaThread "Reference Handler" daemon [_thread_blocked, id=23604, stack(0x000000636fe00000,0x000000636ff00000)]
  0x0000018479e68090 JavaThread "Finalizer" daemon [_thread_blocked, id=15076, stack(0x000000636ff00000,0x0000006370000000)]
  0x0000018475089f70 JavaThread "Signal Dispatcher" daemon [_thread_blocked, id=23708, stack(0x0000006370000000,0x0000006370100000)]
  0x000001847508a940 JavaThread "Attach Listener" daemon [_thread_blocked, id=2844, stack(0x0000006370100000,0x0000006370200000)]
  0x000001847508bc50 JavaThread "Service Thread" daemon [_thread_blocked, id=6056, stack(0x0000006370200000,0x0000006370300000)]
  0x000001847508e610 JavaThread "Monitor Deflation Thread" daemon [_thread_blocked, id=14440, stack(0x0000006370300000,0x0000006370400000)]
=>0x000001847efaf2f0 JavaThread "C2 CompilerThread0" daemon [_thread_in_native, id=9528, stack(0x0000006370400000,0x0000006370500000)]
  0x000001847efb03a0 JavaThread "C1 CompilerThread0" daemon [_thread_blocked, id=2416, stack(0x0000006370500000,0x0000006370600000)]
  0x000001847efb5c50 JavaThread "Sweeper thread" daemon [_thread_blocked, id=7668, stack(0x0000006370600000,0x0000006370700000)]
  0x0000018475044520 JavaThread "Common-Cleaner" daemon [_thread_blocked, id=24852, stack(0x0000006370700000,0x0000006370800000)]
  0x000001847f291e00 JavaThread "Notification Thread" daemon [_thread_blocked, id=20896, stack(0x0000006370800000,0x0000006370900000)]

Other Threads:
  0x0000018475089840 VMThread "VM Thread" [stack: 0x000000636fd00000,0x000000636fe00000] [id=1544]
  0x000001847f2922e0 WatcherThread [stack: 0x0000006370900000,0x0000006370a00000] [id=7856]
  0x0000018474ff6510 GCTaskThread "GC Thread#0" [stack: 0x000000636fc00000,0x000000636fd00000] [id=10900]

Threads with active compile tasks:
C2 CompilerThread0     2676  590       4       lombok.patcher.scripts.MethodLevelPatchScript::patch (21 bytes)

VM state: not at safepoint (normal execution)

VM Mutex/Monitor currently owned by a thread: None

Heap address: 0x00000000c0000000, size: 1024 MB, Compressed Oops mode: 32-bit

CDS archive(s) not mapped
Compressed class space mapped at: 0x0000000100000000-0x0000000140000000, reserved size: 1073741824
Narrow klass base: 0x0000000000000000, Narrow klass shift: 3, Narrow klass range: 0x140000000

GC Precious Log:
 CPUs: 12 total, 12 available
 Memory: 3432M
 Large Page Support: Disabled
 NUMA Support: Disabled
 Compressed Oops: Enabled (32-bit)
 Alignments: Space 512K, Generation 512K, Heap 2M
 Heap Min Capacity: 100M
 Heap Initial Capacity: 100M
 Heap Max Capacity: 1G
 Pre-touch: Disabled
 Parallel Workers: 10

Heap:
 PSYoungGen      total 29696K, used 15097K [0x00000000eab00000, 0x00000000ecc00000, 0x0000000100000000)
  eden space 25600K, 58% used [0x00000000eab00000,0x00000000eb9be678,0x00000000ec400000)
  from space 4096K, 0% used [0x00000000ec800000,0x00000000ec800000,0x00000000ecc00000)
  to   space 4096K, 0% used [0x00000000ec400000,0x00000000ec400000,0x00000000ec800000)
 ParOldGen       total 68608K, used 0K [0x00000000c0000000, 0x00000000c4300000, 0x00000000eab00000)
  object space 68608K, 0% used [0x00000000c0000000,0x00000000c0000000,0x00000000c4300000)
 Metaspace       used 9224K, committed 9344K, reserved 1114112K
  class space    used 913K, committed 960K, reserved 1048576K

Card table byte_map: [0x0000018474970000,0x0000018474b80000] _byte_map_base: 0x0000018474370000

Marking Bits: (ParMarkBitMap*) 0x00007ffe5fa3d7d0
 Begin Bits: [0x0000018477c70000, 0x0000018478c70000)
 End Bits:   [0x0000018478c70000, 0x0000018479c70000)

Polling page: 0x0000018472f70000

Metaspace:

Usage:
  Non-class:      8.12 MB used.
      Class:    913.71 KB used.
       Both:      9.01 MB used.

Virtual space:
  Non-class space:       64.00 MB reserved,       8.19 MB ( 13%) committed,  1 nodes.
      Class space:        1.00 GB reserved,     960.00 KB ( <1%) committed,  1 nodes.
             Both:        1.06 GB reserved,       9.12 MB ( <1%) committed. 

Chunk freelists:
   Non-Class:  6.92 MB
       Class:  15.08 MB
        Both:  22.00 MB

MaxMetaspaceSize: unlimited
CompressedClassSpaceSize: 1.00 GB
Initial GC threshold: 21.00 MB
Current GC threshold: 21.00 MB
CDS: off
MetaspaceReclaimPolicy: balanced
 - commit_granule_bytes: 65536.
 - commit_granule_words: 8192.
 - virtual_space_node_default_size: 8388608.
 - enlarge_chunks_in_place: 1.
 - new_chunks_are_fully_committed: 0.
 - uncommit_free_chunks: 1.
 - use_allocation_guard: 0.
 - handle_deallocations: 1.


Internal statistics:

num_allocs_failed_limit: 0.
num_arena_births: 10.
num_arena_deaths: 0.
num_vsnodes_births: 2.
num_vsnodes_deaths: 0.
num_space_committed: 146.
num_space_uncommitted: 0.
num_chunks_returned_to_freelist: 0.
num_chunks_taken_from_freelist: 46.
num_chunk_merges: 0.
num_chunk_splits: 27.
num_chunks_enlarged: 25.
num_inconsistent_stats: 0.

CodeHeap 'non-profiled nmethods': size=120000Kb used=204Kb max_used=204Kb free=119795Kb
 bounds [0x0000018407ad0000, 0x0000018407d40000, 0x000001840f000000]
CodeHeap 'profiled nmethods': size=120000Kb used=1038Kb max_used=1038Kb free=118961Kb
 bounds [0x0000018400000000, 0x0000018400270000, 0x0000018407530000]
CodeHeap 'non-nmethods': size=5760Kb used=1133Kb max_used=1151Kb free=4626Kb
 bounds [0x0000018407530000, 0x00000184077a0000, 0x0000018407ad0000]
 total_blobs=1052 nmethods=629 adapters=338
 compilation: enabled
              stopped_count=0, restarted_count=0
 full_count=0

Compilation events (20 events):
Event: 2.622 Thread 0x000001847efb03a0 nmethod 611% 0x00000184000e7410 code [0x00000184000e77e0, 0x00000184000ea318]
Event: 2.622 Thread 0x000001847efb03a0  612       3       java.lang.StringUTF16::compress (50 bytes)
Event: 2.622 Thread 0x000001847efb03a0 nmethod 612 0x00000184000eb010 code [0x00000184000eb1c0, 0x00000184000eb418]
Event: 2.622 Thread 0x000001847efb03a0  613       3       java.lang.StringBuilder::<init> (6 bytes)
Event: 2.622 Thread 0x000001847efb03a0 nmethod 613 0x00000184000eb590 code [0x00000184000eb720, 0x00000184000eb868]
Event: 2.628 Thread 0x000001847efb03a0  614       3       java.util.Objects::checkFromIndexSize (8 bytes)
Event: 2.628 Thread 0x000001847efb03a0 nmethod 614 0x00000184000eb910 code [0x00000184000ebac0, 0x00000184000ebce8]
Event: 2.628 Thread 0x000001847efb03a0  616       3       java.util.Properties::loadConvert (540 bytes)
Event: 2.629 Thread 0x000001847efaf2f0 

Event: 2.629 Thread 0x000001847efaf2f0  590       4       lombok.patcher.scripts.MethodLevelPatchScript::patch (21 bytes)
Event: 2.630 Thread 0x000001847efb03a0 nmethod 616 0x00000184000ebe10 code [0x00000184000ec100, 0x00000184000ed518]
Event: 2.630 Thread 0x000001847efb03a0  617       3       java.util.Properties$LineReader::readLine (584 bytes)
Event: 2.633 Thread 0x000001847efb03a0 nmethod 617 0x00000184000edb90 code [0x00000184000edf40, 0x00000184000f0738]
Event: 2.633 Thread 0x000001847efb03a0  620       3       java.lang.StringBuilder::append (8 bytes)
Event: 2.634 Thread 0x000001847efb03a0 nmethod 620 0x00000184000f1310 code [0x00000184000f14a0, 0x00000184000f15e8]
Event: 2.634 Thread 0x000001847efb03a0  621       3       java.util.StringTokenizer::scanToken (179 bytes)
Event: 2.635 Thread 0x000001847efb03a0 nmethod 621 0x00000184000f1690 code [0x00000184000f1a00, 0x00000184000f3018]
Event: 2.635 Thread 0x000001847efb03a0  623       3       java.util.StringTokenizer::skipDelimiters (116 bytes)
Event: 2.636 Thread 0x000001847efb03a0 nmethod 623 0x00000184000f3810 code [0x00000184000f3ac0, 0x00000184000f47e8]
Event: 2.636 Thread 0x000001847efb03a0  627       3       java.lang.StringLatin1::trim (76 bytes)

GC Heap History (0 events):
No events

Dll operation events (8 events):
Event: 0.123 Loaded shared library c:\Users\adity\.vscode\extensions\redhat.java-1.28.1-win32-x64\jre\17.0.10-win32-x86_64\bin\java.dll
Event: 1.196 Loaded shared library c:\Users\adity\.vscode\extensions\redhat.java-1.28.1-win32-x64\jre\17.0.10-win32-x86_64\bin\zip.dll
Event: 1.212 Loaded shared library C:\Users\adity\.vscode\extensions\redhat.java-1.28.1-win32-x64\jre\17.0.10-win32-x86_64\bin\instrument.dll
Event: 1.316 Loaded shared library C:\Users\adity\.vscode\extensions\redhat.java-1.28.1-win32-x64\jre\17.0.10-win32-x86_64\bin\net.dll
Event: 1.341 Loaded shared library C:\Users\adity\.vscode\extensions\redhat.java-1.28.1-win32-x64\jre\17.0.10-win32-x86_64\bin\nio.dll
Event: 1.377 Loaded shared library C:\Users\adity\.vscode\extensions\redhat.java-1.28.1-win32-x64\jre\17.0.10-win32-x86_64\bin\zip.dll
Event: 1.535 Loaded shared library C:\Users\adity\.vscode\extensions\redhat.java-1.28.1-win32-x64\jre\17.0.10-win32-x86_64\bin\jimage.dll
Event: 1.810 Loaded shared library c:\Users\adity\.vscode\extensions\redhat.java-1.28.1-win32-x64\jre\17.0.10-win32-x86_64\bin\verify.dll

Deoptimization events (20 events):
Event: 2.275 Thread 0x0000018474fe1110 Uncommon trap: trap_request=0xffffffde fr.pc=0x0000018407af9524 relative=0x0000000000000104
Event: 2.275 Thread 0x0000018474fe1110 Uncommon trap: reason=class_check action=maybe_recompile pc=0x0000018407af9524 method=jdk.internal.misc.Unsafe.allocateUninitializedArray(Ljava/lang/Class;I)Ljava/lang/Object; @ 51 c2
Event: 2.275 Thread 0x0000018474fe1110 DEOPT PACKING pc=0x0000018407af9524 sp=0x000000636fbfba60
Event: 2.275 Thread 0x0000018474fe1110 DEOPT UNPACKING pc=0x00000184075866a3 sp=0x000000636fbfb9e8 mode 2
Event: 2.281 Thread 0x0000018474fe1110 Uncommon trap: trap_request=0xffffff45 fr.pc=0x0000018407ae7840 relative=0x00000000000000c0
Event: 2.281 Thread 0x0000018474fe1110 Uncommon trap: reason=unstable_if action=reinterpret pc=0x0000018407ae7840 method=java.net.URI.match(CJJ)Z @ 45 c2
Event: 2.281 Thread 0x0000018474fe1110 DEOPT PACKING pc=0x0000018407ae7840 sp=0x000000636fbfcb00
Event: 2.281 Thread 0x0000018474fe1110 DEOPT UNPACKING pc=0x00000184075866a3 sp=0x000000636fbfca88 mode 2
Event: 2.312 Thread 0x0000018474fe1110 Uncommon trap: trap_request=0xffffff45 fr.pc=0x0000018407af8624 relative=0x00000000000005a4
Event: 2.312 Thread 0x0000018474fe1110 Uncommon trap: reason=unstable_if action=reinterpret pc=0x0000018407af8624 method=java.lang.String.replace(Ljava/lang/CharSequence;Ljava/lang/CharSequence;)Ljava/lang/String; @ 48 c2
Event: 2.312 Thread 0x0000018474fe1110 DEOPT PACKING pc=0x0000018407af8624 sp=0x000000636fbfca80
Event: 2.312 Thread 0x0000018474fe1110 DEOPT UNPACKING pc=0x00000184075866a3 sp=0x000000636fbfc9f0 mode 2
Event: 2.420 Thread 0x0000018474fe1110 Uncommon trap: trap_request=0xffffff45 fr.pc=0x0000018407ae5de4 relative=0x00000000000002e4
Event: 2.420 Thread 0x0000018474fe1110 Uncommon trap: reason=unstable_if action=reinterpret pc=0x0000018407ae5de4 method=java.lang.StringUTF16.compress([CI[BII)I @ 20 c2
Event: 2.420 Thread 0x0000018474fe1110 DEOPT PACKING pc=0x0000018407ae5de4 sp=0x000000636fbfbbe0
Event: 2.420 Thread 0x0000018474fe1110 DEOPT UNPACKING pc=0x00000184075866a3 sp=0x000000636fbfbb60 mode 2
Event: 2.632 Thread 0x0000018474fe1110 Uncommon trap: trap_request=0xffffff45 fr.pc=0x0000018407af41a8 relative=0x0000000000000568
Event: 2.632 Thread 0x0000018474fe1110 Uncommon trap: reason=unstable_if action=reinterpret pc=0x0000018407af41a8 method=java.lang.AbstractStringBuilder.append(Ljava/lang/String;)Ljava/lang/AbstractStringBuilder; @ 1 c2
Event: 2.632 Thread 0x0000018474fe1110 DEOPT PACKING pc=0x0000018407af41a8 sp=0x000000636fbfdea0
Event: 2.632 Thread 0x0000018474fe1110 DEOPT UNPACKING pc=0x00000184075866a3 sp=0x000000636fbfde20 mode 2

Classes unloaded (0 events):
No events

Classes redefined (0 events):
No events

Internal exceptions (9 events):
Event: 1.072 Thread 0x0000018474fe1110 Exception <a 'java/lang/NoSuchMethodError'{0x00000000eacb4f50}: 'void java.lang.invoke.DirectMethodHandle$Holder.invokeStatic(java.lang.Object, java.lang.Object, java.lang.Object)'> (0x00000000eacb4f50) 
thrown [s\src\hotspot\share\interpreter\linkResolver.cpp, line 759]
Event: 1.899 Thread 0x0000018474fe1110 Exception <a 'java/lang/reflect/InvocationTargetException'{0x00000000eafe6340}> (0x00000000eafe6340) 
thrown [s\src\hotspot\share\runtime\reflection.cpp, line 1121]
Event: 2.616 Thread 0x0000018474fe1110 Exception <a 'java/lang/ClassNotFoundException'{0x00000000eb85c7b8}: sun/net/www/protocol/c/Handler> (0x00000000eb85c7b8) 
thrown [s\src\hotspot\share\classfile\systemDictionary.cpp, line 256]
Event: 2.624 Thread 0x0000018474fe1110 Exception <a 'java/io/FileNotFoundException'{0x00000000eb874368}> (0x00000000eb874368) 
thrown [s\src\hotspot\share\prims\jni.cpp, line 516]
Event: 2.625 Thread 0x0000018474fe1110 Exception <a 'java/io/FileNotFoundException'{0x00000000eb875078}> (0x00000000eb875078) 
thrown [s\src\hotspot\share\prims\jni.cpp, line 516]
Event: 2.625 Thread 0x0000018474fe1110 Exception <a 'java/io/FileNotFoundException'{0x00000000eb875d68}> (0x00000000eb875d68) 
thrown [s\src\hotspot\share\prims\jni.cpp, line 516]
Event: 2.626 Thread 0x0000018474fe1110 Exception <a 'java/io/FileNotFoundException'{0x00000000eb876a28}> (0x00000000eb876a28) 
thrown [s\src\hotspot\share\prims\jni.cpp, line 516]
Event: 2.632 Thread 0x0000018474fe1110 Implicit null exception at 0x0000018407af3c72 to 0x0000018407af4190
Event: 2.635 Thread 0x0000018474fe1110 Exception <a 'java/io/FileNotFoundException'{0x00000000eb8b1308}> (0x00000000eb8b1308) 
thrown [s\src\hotspot\share\prims\jni.cpp, line 516]

VM Operations (10 events):
Event: 1.089 Executing VM operation: HandshakeAllThreads
Event: 1.090 Executing VM operation: HandshakeAllThreads done
Event: 1.635 Executing VM operation: HandshakeAllThreads
Event: 1.635 Executing VM operation: HandshakeAllThreads done
Event: 1.635 Executing VM operation: Cleanup
Event: 1.635 Executing VM operation: Cleanup done
Event: 2.503 Executing VM operation: HandshakeAllThreads
Event: 2.503 Executing VM operation: HandshakeAllThreads done
Event: 2.569 Executing VM operation: HandshakeAllThreads
Event: 2.569 Executing VM operation: HandshakeAllThreads done

Events (20 events):
Event: 2.626 loading class java/net/FileNameMap done
Event: 2.626 loading class java/net/URLConnection$1 done
Event: 2.626 loading class sun/net/www/MimeTable
Event: 2.627 loading class sun/net/www/MimeTable done
Event: 2.627 loading class sun/net/www/MimeTable$1
Event: 2.627 loading class sun/net/www/MimeTable$1 done
Event: 2.627 loading class sun/net/www/MimeTable$DefaultInstanceHolder
Event: 2.627 loading class sun/net/www/MimeTable$DefaultInstanceHolder done
Event: 2.627 loading class sun/net/www/MimeTable$DefaultInstanceHolder$1
Event: 2.627 loading class sun/net/www/MimeTable$DefaultInstanceHolder$1 done
Event: 2.629 loading class java/util/Properties$EntrySet
Event: 2.630 loading class java/util/Properties$EntrySet done
Event: 2.630 loading class java/util/Collections$SynchronizedSet
Event: 2.630 loading class java/util/Collections$SynchronizedCollection
Event: 2.630 loading class java/util/Collections$SynchronizedCollection done
Event: 2.631 loading class java/util/Collections$SynchronizedSet done
Event: 2.631 loading class java/util/Hashtable$Enumerator
Event: 2.631 loading class java/util/Hashtable$Enumerator done
Event: 2.631 loading class sun/net/www/MimeEntry
Event: 2.632 loading class sun/net/www/MimeEntry done


Dynamic libraries:
0x00007ff7e0e60000 - 0x00007ff7e0e6e000 	c:\Users\adity\.vscode\extensions\redhat.java-1.28.1-win32-x64\jre\17.0.10-win32-x86_64\bin\java.exe
0x00007ffec5030000 - 0x00007ffec5247000 	C:\WINDOWS\SYSTEM32\ntdll.dll
0x00007ffec4050000 - 0x00007ffec4114000 	C:\WINDOWS\System32\KERNEL32.DLL
0x00007ffec24d0000 - 0x00007ffec2876000 	C:\WINDOWS\System32\KERNELBASE.dll
0x00007ffec29f0000 - 0x00007ffec2b01000 	C:\WINDOWS\System32\ucrtbase.dll
0x00007ffe8d750000 - 0x00007ffe8d767000 	c:\Users\adity\.vscode\extensions\redhat.java-1.28.1-win32-x64\jre\17.0.10-win32-x86_64\bin\jli.dll
0x00007ffe8c290000 - 0x00007ffe8c2ab000 	c:\Users\adity\.vscode\extensions\redhat.java-1.28.1-win32-x64\jre\17.0.10-win32-x86_64\bin\VCRUNTIME140.dll
0x00007ffec3e10000 - 0x00007ffec3fbe000 	C:\WINDOWS\System32\USER32.dll
0x00007ffec2d50000 - 0x00007ffec2d76000 	C:\WINDOWS\System32\win32u.dll
0x00007ffe9c9d0000 - 0x00007ffe9cc63000 	C:\WINDOWS\WinSxS\amd64_microsoft.windows.common-controls_6595b64144ccf1df_6.0.22621.2506_none_270c5ae97388e100\COMCTL32.dll
0x00007ffec41d0000 - 0x00007ffec41f9000 	C:\WINDOWS\System32\GDI32.dll
0x00007ffec2b90000 - 0x00007ffec2ca8000 	C:\WINDOWS\System32\gdi32full.dll
0x00007ffec4200000 - 0x00007ffec42a7000 	C:\WINDOWS\System32\msvcrt.dll
0x00007ffec2430000 - 0x00007ffec24ca000 	C:\WINDOWS\System32\msvcp_win.dll
0x00007ffec4bf0000 - 0x00007ffec4c21000 	C:\WINDOWS\System32\IMM32.DLL
0x00007ffeb62a0000 - 0x00007ffeb62ac000 	c:\Users\adity\.vscode\extensions\redhat.java-1.28.1-win32-x64\jre\17.0.10-win32-x86_64\bin\vcruntime140_1.dll
0x00007ffe7bd20000 - 0x00007ffe7bdad000 	c:\Users\adity\.vscode\extensions\redhat.java-1.28.1-win32-x64\jre\17.0.10-win32-x86_64\bin\msvcp140.dll
0x00007ffe5eea0000 - 0x00007ffe5fb02000 	c:\Users\adity\.vscode\extensions\redhat.java-1.28.1-win32-x64\jre\17.0.10-win32-x86_64\bin\server\jvm.dll
0x00007ffec4d90000 - 0x00007ffec4e43000 	C:\WINDOWS\System32\ADVAPI32.dll
0x00007ffec42c0000 - 0x00007ffec4368000 	C:\WINDOWS\System32\sechost.dll
0x00007ffec2cb0000 - 0x00007ffec2cd8000 	C:\WINDOWS\System32\bcrypt.dll
0x00007ffec4ed0000 - 0x00007ffec4fe7000 	C:\WINDOWS\System32\RPCRT4.dll
0x00007ffec1d10000 - 0x00007ffec1d5d000 	C:\WINDOWS\SYSTEM32\POWRPROF.dll
0x00007ffebf140000 - 0x00007ffebf174000 	C:\WINDOWS\SYSTEM32\WINMM.dll
0x00007ffeb92d0000 - 0x00007ffeb92da000 	C:\WINDOWS\SYSTEM32\VERSION.dll
0x00007ffe9e960000 - 0x00007ffe9e969000 	C:\WINDOWS\SYSTEM32\WSOCK32.dll
0x00007ffec4e50000 - 0x00007ffec4ec1000 	C:\WINDOWS\System32\ws2_32.DLL
0x00007ffec1c80000 - 0x00007ffec1c93000 	C:\WINDOWS\SYSTEM32\UMPDC.dll
0x00007ffec13b0000 - 0x00007ffec13c8000 	C:\WINDOWS\SYSTEM32\kernel.appcore.dll
0x00007ffeb4ad0000 - 0x00007ffeb4ada000 	c:\Users\adity\.vscode\extensions\redhat.java-1.28.1-win32-x64\jre\17.0.10-win32-x86_64\bin\jimage.dll
0x00007ffebfc00000 - 0x00007ffebfe33000 	C:\WINDOWS\SYSTEM32\DBGHELP.DLL
0x00007ffec4850000 - 0x00007ffec4bd9000 	C:\WINDOWS\System32\combase.dll
0x00007ffec2d80000 - 0x00007ffec2e57000 	C:\WINDOWS\System32\OLEAUT32.dll
0x00007ffebf100000 - 0x00007ffebf132000 	C:\WINDOWS\SYSTEM32\dbgcore.DLL
0x00007ffec2b10000 - 0x00007ffec2b8a000 	C:\WINDOWS\System32\bcryptPrimitives.dll
0x00007ffeb45e0000 - 0x00007ffeb45ee000 	c:\Users\adity\.vscode\extensions\redhat.java-1.28.1-win32-x64\jre\17.0.10-win32-x86_64\bin\instrument.dll
0x00007ffe854b0000 - 0x00007ffe854d5000 	c:\Users\adity\.vscode\extensions\redhat.java-1.28.1-win32-x64\jre\17.0.10-win32-x86_64\bin\java.dll
0x00007ffe8bf40000 - 0x00007ffe8bf58000 	c:\Users\adity\.vscode\extensions\redhat.java-1.28.1-win32-x64\jre\17.0.10-win32-x86_64\bin\zip.dll
0x00007ffec3450000 - 0x00007ffec3cab000 	C:\WINDOWS\System32\SHELL32.dll
0x00007ffec0290000 - 0x00007ffec0b86000 	C:\WINDOWS\SYSTEM32\windows.storage.dll
0x00007ffec0150000 - 0x00007ffec028e000 	C:\WINDOWS\SYSTEM32\wintypes.dll
0x00007ffec3cb0000 - 0x00007ffec3da3000 	C:\WINDOWS\System32\SHCORE.dll
0x00007ffec4120000 - 0x00007ffec417e000 	C:\WINDOWS\System32\shlwapi.dll
0x00007ffec22a0000 - 0x00007ffec22c6000 	C:\WINDOWS\SYSTEM32\profapi.dll
0x00007ffe8a830000 - 0x00007ffe8a849000 	C:\Users\adity\.vscode\extensions\redhat.java-1.28.1-win32-x64\jre\17.0.10-win32-x86_64\bin\net.dll
0x00007ffebaf80000 - 0x00007ffebb0b7000 	C:\WINDOWS\SYSTEM32\WINHTTP.dll
0x00007ffec1830000 - 0x00007ffec1899000 	C:\WINDOWS\system32\mswsock.dll
0x00007ffe89140000 - 0x00007ffe89156000 	C:\Users\adity\.vscode\extensions\redhat.java-1.28.1-win32-x64\jre\17.0.10-win32-x86_64\bin\nio.dll
0x00007ffeb0e10000 - 0x00007ffeb0e20000 	c:\Users\adity\.vscode\extensions\redhat.java-1.28.1-win32-x64\jre\17.0.10-win32-x86_64\bin\verify.dll

dbghelp: loaded successfully - version: 4.0.5 - missing functions: none
symbol engine: initialized successfully - sym options: 0x614 - pdb path: .;c:\Users\adity\.vscode\extensions\redhat.java-1.28.1-win32-x64\jre\17.0.10-win32-x86_64\bin;C:\WINDOWS\SYSTEM32;C:\WINDOWS\WinSxS\amd64_microsoft.windows.common-controls_6595b64144ccf1df_6.0.22621.2506_none_270c5ae97388e100;c:\Users\adity\.vscode\extensions\redhat.java-1.28.1-win32-x64\jre\17.0.10-win32-x86_64\bin\server

VM Arguments:
jvm_args: --add-modules=ALL-SYSTEM --add-opens=java.base/java.util=ALL-UNNAMED --add-opens=java.base/java.lang=ALL-UNNAMED --add-opens=java.base/sun.nio.fs=ALL-UNNAMED -Declipse.application=org.eclipse.jdt.ls.core.id1 -Dosgi.bundles.defaultStartLevel=4 -Declipse.product=org.eclipse.jdt.ls.core.product -Djava.import.generatesMetadataFilesAtProjectRoot=false -DDetectVMInstallationsJob.disabled=true -Dfile.encoding=utf8 -XX:+UseParallelGC -XX:GCTimeRatio=4 -XX:AdaptiveSizePolicyWeight=90 -Dsun.zip.disableMemoryMapping=true -Xmx1G -Xms100m -Xlog:disable -javaagent:c:\Users\adity\.vscode\extensions\redhat.java-1.28.1-win32-x64\lombok\lombok-1.18.31.jar 
java_command: c:\Users\adity\.vscode\extensions\redhat.java-1.28.1-win32-x64\server\plugins\org.eclipse.equinox.launcher_1.6.700.v20231214-2017.jar -configuration c:\Users\adity\AppData\Roaming\Code\User\globalStorage\redhat.java\1.28.1\config_ss_win -data c:\Users\adity\AppData\Roaming\Code\User\workspaceStorage\33e0f60cfd2a3a37df75b798ced35c0f\redhat.java\ss_ws --stdio
java_class_path (initial): c:\Users\adity\.vscode\extensions\redhat.java-1.28.1-win32-x64\server\plugins\org.eclipse.equinox.launcher_1.6.700.v20231214-2017.jar
Launcher Type: SUN_STANDARD

[Global flags]
    uintx AdaptiveSizePolicyWeight                 = 90                                        {product} {command line}
     intx CICompilerCount                          = 4                                         {product} {ergonomic}
    uintx GCTimeRatio                              = 4                                         {product} {command line}
   size_t InitialHeapSize                          = 104857600                                 {product} {command line}
   size_t MaxHeapSize                              = 1073741824                                {product} {command line}
   size_t MaxNewSize                               = 357564416                                 {product} {ergonomic}
   size_t MinHeapDeltaBytes                        = 524288                                    {product} {ergonomic}
   size_t MinHeapSize                              = 104857600                                 {product} {command line}
   size_t NewSize                                  = 34603008                                  {product} {ergonomic}
    uintx NonNMethodCodeHeapSize                   = 5839372                                {pd product} {ergonomic}
    uintx NonProfiledCodeHeapSize                  = 122909434                              {pd product} {ergonomic}
   size_t OldSize                                  = 70254592                                  {product} {ergonomic}
    uintx ProfiledCodeHeapSize                     = 122909434                              {pd product} {ergonomic}
    uintx ReservedCodeCacheSize                    = 251658240                              {pd product} {ergonomic}
     bool SegmentedCodeCache                       = true                                      {product} {ergonomic}
   size_t SoftMaxHeapSize                          = 1073741824                             {manageable} {ergonomic}
     bool UseCompressedClassPointers               = true                           {product lp64_product} {ergonomic}
     bool UseCompressedOops                        = true                           {product lp64_product} {ergonomic}
     bool UseLargePagesIndividualAllocation        = false                                  {pd product} {ergonomic}
     bool UseParallelGC                            = true                                      {product} {command line}

Logging:
Log output configuration:
 #0: stdout all=off uptime,level,tags
 #1: stderr all=off uptime,level,tags

Environment Variables:
PATH=C:\Program Files\Common Files\Oracle\Java\javapath;C:\WINDOWS\system32;C:\WINDOWS;C:\WINDOWS\System32\Wbem;C:\WINDOWS\System32\WindowsPowerShell\v1.0\;C:\WINDOWS\System32\OpenSSH\;C:\Program Files\dotnet\;C:\Program Files\Git\cmd;C:\php-8.2.3-Win32-vs16-x64;C:\Users\adity\AppData\Roaming\nvm;C:\Program Files\nodejs;C:\Program Files\MySQL\MySQL Server 8.0\bin;C:\Program Files\nodejs\;C:\apache-maven-3.9.6-bin (1)\apache-maven-3.9.6\bin;C:\Program Files\MySQL\MySQL Shell 8.0\bin\;C:\Users\adity\.console-ninja\.bin;C:\Users\adity\AppData\Local\Microsoft\WindowsApps;C:\Users\adity\AppData\Local\Programs\Microsoft VS Code\bin;C:\Users\adity\AppData\Roaming\nvm;C:\Program Files\nodejs;C:\Program Files\MongoDB\Server\6.0\bin;C:\Program Files\mongosh-1.8.0-win32-x64\mongosh-1.8.0-win32-x64\bin;C:\Users\adity\AppData\Local\GitHubDesktop\bin;C:\Users\adity\AppData\Roaming\npm;C:\Program Files\PostgreSQL\15\bin;C:\Program Files\ngrok;C:\Users\adity\AppData\Local\Google\Cloud SDK\google-cloud-sdk\bin
USERNAME=adity
OS=Windows_NT
PROCESSOR_IDENTIFIER=AMD64 Family 23 Model 104 Stepping 1, AuthenticAMD
TMP=C:\Users\adity\AppData\Local\Temp
TEMP=C:\Users\adity\AppData\Local\Temp



Periodic native trim disabled


---------------  S Y S T E M  ---------------

OS:
 Windows 11 , 64 bit Build 22621 (10.0.22621.3085)
OS uptime: 5 days 1:28 hours
Hyper-V role detected

CPU: total 12 (initial active 12) (12 cores per cpu, 2 threads per core) family 23 model 104 stepping 1 microcode 0x0, cx8, cmov, fxsr, ht, mmx, 3dnowpref, sse, sse2, sse3, ssse3, sse4a, sse4.1, sse4.2, popcnt, lzcnt, tsc, tscinvbit, avx, avx2, aes, clmul, bmi1, bmi2, adx, sha, fma, vzeroupper, clflush, clflushopt, hv
Processor Information for processor 0
  Max Mhz: 2100, Current Mhz: 2100, Mhz Limit: 2100
Processor Information for processor 1
  Max Mhz: 2100, Current Mhz: 1813, Mhz Limit: 2100
Processor Information for processor 2
  Max Mhz: 2100, Current Mhz: 2100, Mhz Limit: 2100
Processor Information for processor 3
  Max Mhz: 2100, Current Mhz: 2100, Mhz Limit: 2100
Processor Information for processor 4
  Max Mhz: 2100, Current Mhz: 2100, Mhz Limit: 2100
Processor Information for processor 5
  Max Mhz: 2100, Current Mhz: 2100, Mhz Limit: 2100
Processor Information for processor 6
  Max Mhz: 2100, Current Mhz: 2100, Mhz Limit: 2100
Processor Information for processor 7
  Max Mhz: 2100, Current Mhz: 1813, Mhz Limit: 2100
Processor Information for processor 8
  Max Mhz: 2100, Current Mhz: 2100, Mhz Limit: 2100
Processor Information for processor 9
  Max Mhz: 2100, Current Mhz: 1813, Mhz Limit: 2100
Processor Information for processor 10
  Max Mhz: 2100, Current Mhz: 2100, Mhz Limit: 2100
Processor Information for processor 11
  Max Mhz: 2100, Current Mhz: 1813, Mhz Limit: 2100

Memory: 4k page, system-wide physical 3432M (5M free)
TotalPageFile size 14184M (AvailPageFile size 1M)
current process WorkingSet (physical memory assigned to process): 49M, peak: 53M
current process commit charge ("private bytes"): 201M, peak: 201M

vm_info: OpenJDK 64-Bit Server VM (17.0.10+7) for windows-amd64 JRE (17.0.10+7), built on Jan 16 2024 23:25:11 by "admin" with MS VC++ 16.10 / 16.11 (VS2019)

END.
