#
# There is insufficient memory for the Java Runtime Environment to continue.
# Native memory allocation (malloc) failed to allocate 1048576 bytes for AllocateHeap
# Possible reasons:
#   The system is out of physical RAM or swap space
#   The process is running with CompressedOops enabled, and the Java Heap may be blocking the growth of the native heap
# Possible solutions:
#   Reduce memory load on the system
#   Increase physical memory or swap space
#   Check if swap backing store is full
#   Decrease Java heap size (-Xmx/-Xms)
#   Decrease number of Java threads
#   Decrease Java thread stack sizes (-Xss)
#   Set larger code cache with -XX:ReservedCodeCacheSize=
#   JVM is running with Unscaled Compressed Oops mode in which the Java heap is
#     placed in the first 4GB address space. The Java Heap base address is the
#     maximum limit for the native heap growth. Please use -XX:HeapBaseMinAddress
#     to set the Java Heap base and to place the Java Heap above 4GB virtual address.
# This output file may be truncated or incomplete.
#
#  Out of Memory Error (allocation.cpp:44), pid=13952, tid=19612
#
# JRE version:  (20.0.2+9) (build )
# Java VM: Java HotSpot(TM) 64-Bit Server VM (20.0.2+9-78, mixed mode, sharing, tiered, compressed oops, compressed class ptrs, g1 gc, windows-amd64)
# No core dump will be written. Minidumps are not enabled by default on client versions of Windows
#

---------------  S U M M A R Y ------------

Command Line: -Dclassworlds.conf=C:\apache-maven-3.9.6-bin (1)\apache-maven-3.9.6\bin\m2.conf -Dmaven.home=C:\apache-maven-3.9.6-bin (1)\apache-maven-3.9.6 -Dlibrary.jansi.path=C:\apache-maven-3.9.6-bin (1)\apache-maven-3.9.6\lib\jansi-native -Dmaven.multiModuleProjectDirectory=c:\Users\adity\Downloads\b26_first_hibernate_app\b26_first_hibernate_app org.codehaus.plexus.classworlds.launcher.Launcher --version

Host: AMD Ryzen 5 5500U with Radeon Graphics         , 12 cores, 3G,  Windows 11 , 64 bit Build 22621 (10.0.22621.3085)
Time: Fri Feb 16 17:17:48 2024 India Standard Time elapsed time: 0.171026 seconds (0d 0h 0m 0s)

---------------  T H R E A D  ---------------

Current thread (0x000002c6119b3510):  JavaThread "Unknown thread" [_thread_in_vm, id=19612, stack(0x000000ce0ad00000,0x000000ce0ae00000)]

Stack: [0x000000ce0ad00000,0x000000ce0ae00000]
Native frames: (J=compiled Java code, j=interpreted, Vv=VM code, C=native code)
V  [jvm.dll+0x6bc25a]
V  [jvm.dll+0x84971a]
V  [jvm.dll+0x84b315]
V  [jvm.dll+0x84ba13]
V  [jvm.dll+0x280e4f]
V  [jvm.dll+0xbce65]
V  [jvm.dll+0x333ec5]
V  [jvm.dll+0x32c661]
V  [jvm.dll+0x8123df]
V  [jvm.dll+0x3c1261]
V  [jvm.dll+0x7fe103]
V  [jvm.dll+0x44ccaf]
V  [jvm.dll+0x44e621]
C  [jli.dll+0x5287]
C  [ucrtbase.dll+0x29363]
C  [KERNEL32.DLL+0x1257d]
C  [ntdll.dll+0x5aa58]


---------------  P R O C E S S  ---------------

Threads class SMR info:
_java_thread_list=0x00007ff9e3ccb118, length=0, elements={
}

Java Threads: ( => current thread )

Other Threads:
  0x000002c6119efb40 WorkerThread "GC Thread#0" [stack: 0x000000ce0ae00000,0x000000ce0af00000] [id=3540]

[error occurred during error reporting (printing all threads), id 0xc0000005, EXCEPTION_ACCESS_VIOLATION (0xc0000005) at pc=0x00007ff9e34a8d60]
VM state: not at safepoint (not fully initialized)

VM Mutex/Monitor currently owned by a thread:  ([mutex/lock_event])
[0x000002c6119ac450] Heap_lock - owner thread: 0x000002c6119b3510

Heap address: 0x00000000ca400000, size: 860 MB, Compressed Oops mode: 32-bit

CDS archive(s) mapped at: [0x0000000000000000-0x0000000000000000-0x0000000000000000), size 0, SharedBaseAddress: 0x0000000800000000, ArchiveRelocationMode: 1.
Narrow klass base: 0x0000000000000000, Narrow klass shift: 0, Narrow klass range: 0x0

GC Precious Log:
 CardTable entry size: 512
 Card Set container configuration: InlinePtr #cards 5 size 8 Array Of Cards #cards 12 size 40 Howl #buckets 4 coarsen threshold 1843 Howl Bitmap #cards 512 size 80 coarsen threshold 460 Card regions per heap region 1 cards per card region 2048

Heap:
 garbage-first heap   total 0K, used 0K [0x00000000ca400000, 0x0000000100000000)
  region size 1024K, 0 young (0K), 0 survivors (0K)

[error occurred during error reporting (printing heap information), id 0xc0000005, EXCEPTION_ACCESS_VIOLATION (0xc0000005) at pc=0x00007ff9e38847b9]
GC Heap History (0 events):
No events

Dll operation events (1 events):
Event: 0.073 Loaded shared library C:\Program Files\Java\jdk-20\bin\java.dll

Deoptimization events (0 events):
No events

Classes loaded (0 events):
No events

Classes unloaded (0 events):
No events

Classes redefined (0 events):
No events

Internal exceptions (0 events):
No events

VM Operations (0 events):
No events

Events (0 events):
No events


Dynamic libraries:
0x00007ff7eb600000 - 0x00007ff7eb610000 	C:\Program Files\Java\jdk-20\bin\java.exe
0x00007ffa451f0000 - 0x00007ffa45407000 	C:\WINDOWS\SYSTEM32\ntdll.dll
0x00007ffa440d0000 - 0x00007ffa44194000 	C:\WINDOWS\System32\KERNEL32.DLL
0x00007ffa425a0000 - 0x00007ffa42946000 	C:\WINDOWS\System32\KERNELBASE.dll
0x00007ffa42d60000 - 0x00007ffa42e71000 	C:\WINDOWS\System32\ucrtbase.dll
0x00007ffa38890000 - 0x00007ffa388ab000 	C:\Program Files\Java\jdk-20\bin\VCRUNTIME140.dll
0x00007ffa38870000 - 0x00007ffa38889000 	C:\Program Files\Java\jdk-20\bin\jli.dll
0x00007ffa44e30000 - 0x00007ffa44ee3000 	C:\WINDOWS\System32\ADVAPI32.dll
0x00007ffa43ec0000 - 0x00007ffa43f67000 	C:\WINDOWS\System32\msvcrt.dll
0x00007ffa44ef0000 - 0x00007ffa44f98000 	C:\WINDOWS\System32\sechost.dll
0x00007ffa42b60000 - 0x00007ffa42b88000 	C:\WINDOWS\System32\bcrypt.dll
0x00007ffa43fb0000 - 0x00007ffa440c7000 	C:\WINDOWS\System32\RPCRT4.dll
0x00007ffa433d0000 - 0x00007ffa4357e000 	C:\WINDOWS\System32\USER32.dll
0x00007ffa1fbf0000 - 0x00007ffa1fe83000 	C:\WINDOWS\WinSxS\amd64_microsoft.windows.common-controls_6595b64144ccf1df_6.0.22621.2506_none_270c5ae97388e100\COMCTL32.dll
0x00007ffa43d10000 - 0x00007ffa43d39000 	C:\WINDOWS\System32\GDI32.dll
0x00007ffa42d30000 - 0x00007ffa42d56000 	C:\WINDOWS\System32\win32u.dll
0x00007ffa42c10000 - 0x00007ffa42d28000 	C:\WINDOWS\System32\gdi32full.dll
0x00007ffa36930000 - 0x00007ffa3693a000 	C:\WINDOWS\SYSTEM32\VERSION.dll
0x00007ffa42950000 - 0x00007ffa429ea000 	C:\WINDOWS\System32\msvcp_win.dll
0x00007ffa43f70000 - 0x00007ffa43fa1000 	C:\WINDOWS\System32\IMM32.DLL
0x00007ffa38860000 - 0x00007ffa3886c000 	C:\Program Files\Java\jdk-20\bin\vcruntime140_1.dll
0x00007ff9f9680000 - 0x00007ff9f970e000 	C:\Program Files\Java\jdk-20\bin\msvcp140.dll
0x00007ff9e3170000 - 0x00007ff9e3e08000 	C:\Program Files\Java\jdk-20\bin\server\jvm.dll
0x00007ffa3f440000 - 0x00007ffa3f474000 	C:\WINDOWS\SYSTEM32\WINMM.dll
0x00007ffa1fbc0000 - 0x00007ffa1fbc9000 	C:\WINDOWS\SYSTEM32\WSOCK32.dll
0x00007ffa44210000 - 0x00007ffa44281000 	C:\WINDOWS\System32\WS2_32.dll
0x00007ffa41550000 - 0x00007ffa41568000 	C:\WINDOWS\SYSTEM32\kernel.appcore.dll
0x00007ffa315c0000 - 0x00007ffa315ca000 	C:\Program Files\Java\jdk-20\bin\jimage.dll
0x00007ffa3fdc0000 - 0x00007ffa3fff3000 	C:\WINDOWS\SYSTEM32\DBGHELP.DLL
0x00007ffa42f90000 - 0x00007ffa43319000 	C:\WINDOWS\System32\combase.dll
0x00007ffa450c0000 - 0x00007ffa45197000 	C:\WINDOWS\System32\OLEAUT32.dll
0x00007ffa3f3c0000 - 0x00007ffa3f3f2000 	C:\WINDOWS\SYSTEM32\dbgcore.DLL
0x00007ffa42b90000 - 0x00007ffa42c0a000 	C:\WINDOWS\System32\bcryptPrimitives.dll
0x00007ffa18e60000 - 0x00007ffa18e86000 	C:\Program Files\Java\jdk-20\bin\java.dll

dbghelp: loaded successfully - version: 4.0.5 - missing functions: none
symbol engine: initialized successfully - sym options: 0x614 - pdb path: .;C:\Program Files\Java\jdk-20\bin;C:\WINDOWS\SYSTEM32;C:\WINDOWS\WinSxS\amd64_microsoft.windows.common-controls_6595b64144ccf1df_6.0.22621.2506_none_270c5ae97388e100;C:\Program Files\Java\jdk-20\bin\server

VM Arguments:
jvm_args: -Dclassworlds.conf=C:\apache-maven-3.9.6-bin (1)\apache-maven-3.9.6\bin\m2.conf -Dmaven.home=C:\apache-maven-3.9.6-bin (1)\apache-maven-3.9.6 -Dlibrary.jansi.path=C:\apache-maven-3.9.6-bin (1)\apache-maven-3.9.6\lib\jansi-native -Dmaven.multiModuleProjectDirectory=c:\Users\adity\Downloads\b26_first_hibernate_app\b26_first_hibernate_app 
java_command: org.codehaus.plexus.classworlds.launcher.Launcher --version
java_class_path (initial): C:\apache-maven-3.9.6-bin (1)\apache-maven-3.9.6\boot\plexus-classworlds-2.7.0.jar
Launcher Type: SUN_STANDARD

[Global flags]
     intx CICompilerCount                          = 4                                         {product} {ergonomic}
     uint ConcGCThreads                            = 3                                         {product} {ergonomic}
     uint G1ConcRefinementThreads                  = 10                                        {product} {ergonomic}
   size_t G1HeapRegionSize                         = 1048576                                   {product} {ergonomic}
    uintx GCDrainStackTargetSize                   = 64                                        {product} {ergonomic}
   size_t InitialHeapSize                          = 56623104                                  {product} {ergonomic}
   size_t MarkStackSize                            = 4194304                                   {product} {ergonomic}
   size_t MaxHeapSize                              = 901775360                                 {product} {ergonomic}
   size_t MinHeapDeltaBytes                        = 1048576                                   {product} {ergonomic}
   size_t MinHeapSize                              = 8388608                                   {product} {ergonomic}
    uintx NonNMethodCodeHeapSize                   = 5839372                                {pd product} {ergonomic}
    uintx NonProfiledCodeHeapSize                  = 122909434                              {pd product} {ergonomic}
    uintx ProfiledCodeHeapSize                     = 122909434                              {pd product} {ergonomic}
    uintx ReservedCodeCacheSize                    = 251658240                              {pd product} {ergonomic}
     bool SegmentedCodeCache                       = true                                      {product} {ergonomic}
   size_t SoftMaxHeapSize                          = 901775360                              {manageable} {ergonomic}
     bool UseCompressedClassPointers               = true                           {product lp64_product} {ergonomic}
     bool UseCompressedOops                        = true                           {product lp64_product} {ergonomic}
     bool UseG1GC                                  = true                                      {product} {ergonomic}
     bool UseLargePagesIndividualAllocation        = false                                  {pd product} {ergonomic}

Logging:
Log output configuration:
 #0: stdout all=warning uptime,level,tags foldmultilines=false
 #1: stderr all=off uptime,level,tags foldmultilines=false

Environment Variables:
PATH=C:\Program Files\Common Files\Oracle\Java\javapath;C:\WINDOWS\system32;C:\WINDOWS;C:\WINDOWS\System32\Wbem;C:\WINDOWS\System32\WindowsPowerShell\v1.0\;C:\WINDOWS\System32\OpenSSH\;C:\Program Files\dotnet\;C:\Program Files\Git\cmd;C:\php-8.2.3-Win32-vs16-x64;C:\Users\adity\AppData\Roaming\nvm;C:\Program Files\nodejs;C:\Program Files\MySQL\MySQL Server 8.0\bin;C:\Program Files\nodejs\;C:\apache-maven-3.9.6-bin (1)\apache-maven-3.9.6\bin;C:\Program Files\MySQL\MySQL Shell 8.0\bin\;C:\Users\adity\.console-ninja\.bin;C:\Users\adity\AppData\Local\Microsoft\WindowsApps;C:\Users\adity\AppData\Local\Programs\Microsoft VS Code\bin;C:\Users\adity\AppData\Roaming\nvm;C:\Program Files\nodejs;C:\Program Files\MongoDB\Server\6.0\bin;C:\Program Files\mongosh-1.8.0-win32-x64\mongosh-1.8.0-win32-x64\bin;C:\Users\adity\AppData\Local\GitHubDesktop\bin;C:\Users\adity\AppData\Roaming\npm;C:\Program Files\PostgreSQL\15\bin;C:\Program Files\ngrok;C:\Users\adity\AppData\Local\Google\Cloud SDK\google-cloud-sdk\bin
USERNAME=adity
OS=Windows_NT
PROCESSOR_IDENTIFIER=AMD64 Family 23 Model 104 Stepping 1, AuthenticAMD
TMP=C:\Users\adity\AppData\Local\Temp
TEMP=C:\Users\adity\AppData\Local\Temp




---------------  S Y S T E M  ---------------

OS:
 Windows 11 , 64 bit Build 22621 (10.0.22621.3085)
OS uptime: 0 days 0:41 hours
Hyper-V role detected

CPU: total 12 (initial active 12) (12 cores per cpu, 2 threads per core) family 23 model 104 stepping 1 microcode 0x0, cx8, cmov, fxsr, ht, mmx, 3dnowpref, sse, sse2, sse3, ssse3, sse4a, sse4.1, sse4.2, popcnt, lzcnt, tsc, tscinvbit, avx, avx2, aes, clmul, bmi1, bmi2, adx, sha, fma, vzeroupper, clflush, clflushopt, hv, rdtscp, rdpid, f16c

Memory: 4k page, system-wide physical 3432M (11M free)
TotalPageFile size 14184M (AvailPageFile size 2M)
current process WorkingSet (physical memory assigned to process): 11M, peak: 11M
current process commit charge ("private bytes"): 56M, peak: 57M

vm_info: Java HotSpot(TM) 64-Bit Server VM (20.0.2+9-78) for windows-amd64 JRE (20.0.2+9-78), built on 2023-06-14T10:08:48Z by "mach5one" with MS VC++ 17.1 (VS2022)

END.
